[TRACE] SQLhandling.DBConnection - Connection parameters loaded properly - 2018-12-30 01:47:24
[TRACE] GUI.LoginForm - Connected to Database - 2018-12-30 01:47:24
[TRACE] GUI.LoginForm - User j.kowalski@gmail.com logged - 2018-12-30 01:48:01
[TRACE] GUI.MainWindow - j.kowalski@gmail.comlogged out - 2018-12-30 01:48:11
[TRACE] GUI.LoginForm - Connected to Database - 2018-12-30 01:48:11
[TRACE] GUI.LoginForm - Application closed with exit code 0 - 2018-12-30 01:48:17
[TRACE] SQLhandling.DBConnection - Connection parameters loaded properly - 2018-12-30 02:08:32
[TRACE] GUI.LoginForm - Connected to Database - 2018-12-30 02:08:32
[TRACE] GUI.LoginForm - User j.kowalski@gmail.com logged - 2018-12-30 02:08:43
[TRACE] GUI.MainWindow - Application closed with exit code 0 - 2018-12-30 02:09:03
[TRACE] SQLhandling.DBConnection - Connection parameters loaded properly - 2018-12-30 02:09:57
[TRACE] GUI.LoginForm - Connected to Database - 2018-12-30 02:09:57
[TRACE] SQLhandling.DBConnection - Connection parameters loaded properly - 2018-12-30 02:13:33
[TRACE] GUI.LoginForm - Connected to Database - 2018-12-30 02:13:33
[TRACE] SQLhandling.DBConnection - Connection parameters loaded properly - 2018-12-30 02:13:46
[TRACE] GUI.LoginForm - Connected to Database - 2018-12-30 02:13:46
[TRACE] GUI.LoginForm - User j.kowalski@gmail.com logged - 2018-12-30 02:13:57
[TRACE] SQLhandling.DBConnection - Connection parameters loaded properly - 2018-12-30 21:20:48
[TRACE] SQLhandling.DBConnection - Connection parameters loaded properly - 2018-12-30 21:24:38
[TRACE] GUI.LoginForm - Connected to Database - 2018-12-30 21:24:38
[TRACE] GUI.LoginForm - User j.kowalski@gmail.com logged - 2018-12-30 21:24:47
[TRACE] SQLhandling.DBConnection - Connection parameters loaded properly - 2018-12-31 03:18:44
[TRACE] GUI.LoginForm - Connected to Database - 2018-12-31 03:18:44
[TRACE] GUI.LoginForm - User j.kowalski@gmail.com logged - 2018-12-31 03:18:55
[TRACE] SQLhandling.DBConnection - Connection parameters loaded properly - 2018-12-31 18:08:41
[TRACE] GUI.LoginForm - Connected to Database - 2018-12-31 18:08:41
[WARN] GUI.LoginForm - Incorrect user data provided using email: j.kowlaski@gmail.com - 2018-12-31 18:08:54
[TRACE] GUI.LoginForm - User j.kowalski@gmail.com logged - 2018-12-31 18:09:04
[TRACE] SQLhandling.DBConnection - Connection parameters loaded properly - 2018-12-31 18:10:27
[TRACE] GUI.LoginForm - Connected to Database - 2018-12-31 18:10:27
[TRACE] GUI.LoginForm - User j.kowalski@gmail.com logged - 2018-12-31 18:10:35
[TRACE] SQLhandling.DBConnection - Connection parameters loaded properly - 2018-12-31 18:14:11
[TRACE] GUI.LoginForm - Connected to Database - 2018-12-31 18:14:11
[TRACE] GUI.LoginForm - User j.kowalski@gmail.com logged - 2018-12-31 18:14:23
[TRACE] SQLhandling.DBConnection - Connection parameters loaded properly - 2018-12-31 18:28:32
[TRACE] GUI.LoginForm - Connected to Database - 2018-12-31 18:28:32
[TRACE] GUI.LoginForm - User j.kowalski@gmail.com logged - 2018-12-31 18:28:40
[TRACE] SQLhandling.DBConnection - Connection parameters loaded properly - 2018-12-31 19:45:57
[TRACE] GUI.LoginForm - Connected to Database - 2018-12-31 19:45:57
[TRACE] GUI.LoginForm - User j.kowalski@gmail.com logged - 2018-12-31 19:46:08
[TRACE] SQLhandling.DBConnection - Connection parameters loaded properly - 2019-01-01 15:24:08
[TRACE] GUI.LoginForm - Connected to Database - 2019-01-01 15:24:08
[TRACE] GUI.LoginForm - User j.kowalski@gmail.com logged - 2019-01-01 15:24:17
[TRACE] SQLhandling.DBConnection - Connection parameters loaded properly - 2019-01-01 15:40:33
[TRACE] GUI.LoginForm - Connected to Database - 2019-01-01 15:40:33
[TRACE] GUI.LoginForm - User j.kowalski@gmail.com logged - 2019-01-01 15:40:56
[TRACE] SQLhandling.DBConnection - Connection parameters loaded properly - 2019-01-01 15:41:43
[TRACE] GUI.LoginForm - Connected to Database - 2019-01-01 15:41:43
[TRACE] GUI.LoginForm - User j.kowalski@gmail.com logged - 2019-01-01 15:41:51
[TRACE] SQLhandling.DBConnection - Connection parameters loaded properly - 2019-01-01 15:42:23
[TRACE] GUI.LoginForm - Connected to Database - 2019-01-01 15:42:23
[TRACE] GUI.LoginForm - User j.kowalski@gmail.com logged - 2019-01-01 15:42:36
[TRACE] SQLhandling.DBConnection - Connection parameters loaded properly - 2019-01-01 15:43:34
[TRACE] GUI.LoginForm - Connected to Database - 2019-01-01 15:43:34
[TRACE] SQLhandling.DBConnection - Connection parameters loaded properly - 2019-01-01 15:43:49
[TRACE] GUI.LoginForm - Connected to Database - 2019-01-01 15:43:49
[TRACE] GUI.LoginForm - User j.kowalski@gmail.com logged - 2019-01-01 15:44:00
[TRACE] SQLhandling.DBConnection - Connection parameters loaded properly - 2019-01-01 15:45:52
[TRACE] GUI.LoginForm - Connected to Database - 2019-01-01 15:45:52
[TRACE] GUI.LoginForm - User j.kowalski@gmail.com logged - 2019-01-01 15:46:05
[TRACE] SQLhandling.DBConnection - Connection parameters loaded properly - 2019-01-01 15:55:08
[TRACE] GUI.LoginForm - Connected to Database - 2019-01-01 15:55:08
[TRACE] GUI.LoginForm - User j.kowalski@gmail.com logged - 2019-01-01 15:55:18
[TRACE] SQLhandling.DBConnection - Connection parameters loaded properly - 2019-01-01 15:57:16
[TRACE] GUI.LoginForm - Connected to Database - 2019-01-01 15:57:16
[TRACE] GUI.LoginForm - User j.kowalski@gmail.com logged - 2019-01-01 15:57:26
